# JRE version: Java(TM) SE Runtime Environment (8.0_191-b12) (build 1.8.0_191-b12)
# Java VM: Java HotSpot(TM) Client VM (25.191-b12 mixed mode windows-x86 )
Heap:
 def new generation   total 157248K, used 157247K [0x05800000, 0x102a0000, 0x102a0000)
  eden space 139776K,  99% used [0x05800000, 0x0e07fff8, 0x0e080000)
  from space 17472K, 100% used [0x0e080000, 0x0f190000, 0x0f190000)
  to   space 17472K,   0% used [0x0f190000, 0x0f190000, 0x102a0000)
 tenured generation   total 349568K, used 349567K [0x102a0000, 0x25800000, 0x25800000)
   the space 349568K,  99% used [0x102a0000, 0x257ffff8, 0x25800000, 0x25800000)
 Metaspace       used 23321K, capacity 23882K, committed 23936K, reserved 23936K
GC Heap History (10 events):
Event: 19915.967 GC heap before
{Heap before GC invocations=697 (full 671):
 def new generation   total 157248K, used 157247K [0x05800000, 0x102a0000, 0x102a0000)
  eden space 139776K,  99% used [0x05800000, 0x0e07fff8, 0x0e080000)
  from space 17472K, 100% used [0x0e080000, 0x0f190000, 0x0f190000)
  to   space 17472K,   0% used [0x0f190000, 0x0f190000, 0x102a0000)
 tenured generation   total 349568K, used 349567K [0x102a0000, 0x25800000, 0x25800000)
   the space 349568K,  99% used [0x102a0000, 0x257fffd0, 0x25800000, 0x25800000)
 Metaspace       used 23321K, capacity 23882K, committed 23936K, reserved 23936K
Event: 19916.570 GC heap after
Heap after GC invocations=698 (full 672):
 def new generation   total 157248K, used 157247K [0x05800000, 0x102a0000, 0x102a0000)
  eden space 139776K,  99% used [0x05800000, 0x0e07fff8, 0x0e080000)
  from space 17472K, 100% used [0x0e080000, 0x0f190000, 0x0f190000)
  to   space 17472K,   0% used [0x0f190000, 0x0f190000, 0x102a0000)
 tenured generation   total 349568K, used 349565K [0x102a0000, 0x25800000, 0x25800000)
   the space 349568K,  99% used [0x102a0000, 0x257ff530, 0x257ff600, 0x25800000)
 Metaspace       used 23321K, capacity 23882K, committed 23936K, reserved 23936K
}
Event: 19916.571 GC heap before
{Heap before GC invocations=698 (full 672):
 def new generation   total 157248K, used 157247K [0x05800000, 0x102a0000, 0x102a0000)
  eden space 139776K,  99% used [0x05800000, 0x0e07fff8, 0x0e080000)
  from space 17472K, 100% used [0x0e080000, 0x0f190000, 0x0f190000)
  to   space 17472K,   0% used [0x0f190000, 0x0f190000, 0x102a0000)
 tenured generation   total 349568K, used 349567K [0x102a0000, 0x25800000, 0x25800000)
   the space 349568K,  99% used [0x102a0000, 0x257fffd0, 0x25800000, 0x25800000)
 Metaspace       used 23321K, capacity 23882K, committed 23936K, reserved 23936K
Event: 19917.191 GC heap after
Heap after GC invocations=699 (full 673):
 def new generation   total 157248K, used 157247K [0x05800000, 0x102a0000, 0x102a0000)
  eden space 139776K,  99% used [0x05800000, 0x0e07fff8, 0x0e080000)
  from space 17472K, 100% used [0x0e080000, 0x0f190000, 0x0f190000)
  to   space 17472K,   0% used [0x0f190000, 0x0f190000, 0x102a0000)
 tenured generation   total 349568K, used 349567K [0x102a0000, 0x25800000, 0x25800000)
   the space 349568K,  99% used [0x102a0000, 0x257fffd0, 0x25800000, 0x25800000)
 Metaspace       used 23321K, capacity 23882K, committed 23936K, reserved 23936K
}
Event: 19917.191 GC heap before
{Heap before GC invocations=699 (full 673):
 def new generation   total 157248K, used 157247K [0x05800000, 0x102a0000, 0x102a0000)
  eden space 139776K,  99% used [0x05800000, 0x0e07fff8, 0x0e080000)
  from space 17472K, 100% used [0x0e080000, 0x0f190000, 0x0f190000)
  to   space 17472K,   0% used [0x0f190000, 0x0f190000, 0x102a0000)
 tenured generation   total 349568K, used 349567K [0x102a0000, 0x25800000, 0x25800000)
   the space 349568K,  99% used [0x102a0000, 0x257fffd0, 0x25800000, 0x25800000)
 Metaspace       used 23321K, capacity 23882K, committed 23936K, reserved 23936K
Event: 19917.842 GC heap after
Heap after GC invocations=700 (full 674):
 def new generation   total 157248K, used 157247K [0x05800000, 0x102a0000, 0x102a0000)
  eden space 139776K,  99% used [0x05800000, 0x0e07fff8, 0x0e080000)
  from space 17472K, 100% used [0x0e080000, 0x0f190000, 0x0f190000)
  to   space 17472K,   0% used [0x0f190000, 0x0f190000, 0x102a0000)
 tenured generation   total 349568K, used 349565K [0x102a0000, 0x25800000, 0x25800000)
   the space 349568K,  99% used [0x102a0000, 0x257ff530, 0x257ff600, 0x25800000)
 Metaspace       used 23321K, capacity 23882K, committed 23936K, reserved 23936K
}
Event: 19917.843 GC heap before
{Heap before GC invocations=700 (full 674):
 def new generation   total 157248K, used 157247K [0x05800000, 0x102a0000, 0x102a0000)
  eden space 139776K,  99% used [0x05800000, 0x0e07fff8, 0x0e080000)
  from space 17472K, 100% used [0x0e080000, 0x0f190000, 0x0f190000)
  to   space 17472K,   0% used [0x0f190000, 0x0f190000, 0x102a0000)
 tenured generation   total 349568K, used 349565K [0x102a0000, 0x25800000, 0x25800000)
   the space 349568K,  99% used [0x102a0000, 0x257ff670, 0x257ff800, 0x25800000)
 Metaspace       used 23321K, capacity 23882K, committed 23936K, reserved 23936K
Event: 19918.455 GC heap after
Heap after GC invocations=701 (full 675):
 def new generation   total 157248K, used 157247K [0x05800000, 0x102a0000, 0x102a0000)
  eden space 139776K,  99% used [0x05800000, 0x0e07fff8, 0x0e080000)
  from space 17472K, 100% used [0x0e080000, 0x0f190000, 0x0f190000)
  to   space 17472K,   0% used [0x0f190000, 0x0f190000, 0x102a0000)
 tenured generation   total 349568K, used 349565K [0x102a0000, 0x25800000, 0x25800000)
   the space 349568K,  99% used [0x102a0000, 0x257ff670, 0x257ff800, 0x25800000)
 Metaspace       used 23321K, capacity 23882K, committed 23936K, reserved 23936K
}
Event: 19918.455 GC heap before
{Heap before GC invocations=701 (full 675):
 def new generation   total 157248K, used 157247K [0x05800000, 0x102a0000, 0x102a0000)
  eden space 139776K,  99% used [0x05800000, 0x0e07fff8, 0x0e080000)
  from space 17472K, 100% used [0x0e080000, 0x0f190000, 0x0f190000)
  to   space 17472K,   0% used [0x0f190000, 0x0f190000, 0x102a0000)
 tenured generation   total 349568K, used 349565K [0x102a0000, 0x25800000, 0x25800000)
   the space 349568K,  99% used [0x102a0000, 0x257ff670, 0x257ff800, 0x25800000)
 Metaspace       used 23321K, capacity 23882K, committed 23936K, reserved 23936K
Event: 19919.144 GC heap after
Heap after GC invocations=702 (full 676):
 def new generation   total 157248K, used 157247K [0x05800000, 0x102a0000, 0x102a0000)
  eden space 139776K,  99% used [0x05800000, 0x0e07fff8, 0x0e080000)
  from space 17472K, 100% used [0x0e080000, 0x0f190000, 0x0f190000)
  to   space 17472K,   0% used [0x0f190000, 0x0f190000, 0x102a0000)
 tenured generation   total 349568K, used 349543K [0x102a0000, 0x25800000, 0x25800000)
   the space 349568K,  99% used [0x102a0000, 0x257f9fe0, 0x257fa000, 0x25800000)
 Metaspace       used 23321K, capacity 23882K, committed 23936K, reserved 23936K
}

